<?xml version="1.0" encoding="UTF-8"?>
<!-- Generated by org.testng.reporters.JUnitReportReporter -->
<testsuite hostname="DESKTOP-K0CQ021" failures="0" tests="1" name="testPackage.CreateNewUsersTestCase" time="6.577" errors="0" timestamp="2023-12-10T11:53:41 IST" skipped="0">
  <testcase classname="testPackage.CreateNewUsersTestCase" name="createValidNewUsersMethod" time="6.577">
    <system-out>
      <![CDATA[onTestStart
onTestSuccess]]>
    </system-out>
  </testcase> <!-- createValidNewUsersMethod -->
  <system-out>
    <![CDATA[onStart
onTestStart
onTestSuccess
onTestStart
onTestSuccess
onTestStart
onTestSuccess
onTestStart
onTestSuccess
onTestStart
onTestSuccess]]>
  </system-out>
</testsuite> <!-- testPackage.CreateNewUsersTestCase -->
