<?xml version="1.0" encoding="UTF-8"?>
<!-- Generated by org.testng.reporters.JUnitReportReporter -->
<testsuite hostname="DESKTOP-K0CQ021" failures="0" tests="2" name="testNGExecutionPackage.JavaTest" time="21.810" errors="0" timestamp="2023-11-30T12:41:19 IST" skipped="0">
  <testcase classname="testNGExecutionPackage.JavaTest" name="java_method" time="10.822"/>
  <testcase classname="testNGExecutionPackage.JavaTest" name="java_method" time="10.988"/>
</testsuite> <!-- testNGExecutionPackage.JavaTest -->
