<?xml version="1.0" encoding="UTF-8"?>
<!-- Generated by org.testng.reporters.JUnitReportReporter -->
<testsuite hostname="DESKTOP-K0CQ021" failures="0" tests="1" name="testNGExecutionPackage.SelectTest" time="13.095" errors="0" timestamp="2023-11-29T12:54:31 IST" skipped="0">
  <testcase classname="testNGExecutionPackage.SelectTest" name="selectTestMethod" time="13.095"/>
</testsuite> <!-- testNGExecutionPackage.SelectTest -->
