<?xml version="1.0" encoding="UTF-8"?>
<!-- Generated by org.testng.reporters.JUnitReportReporter -->
<testsuite hostname="DESKTOP-K0CQ021" failures="0" tests="2" name="testNGPackage.Demo" time="0.009" errors="0" timestamp="2023-11-28T12:14:00 IST" skipped="0">
  <testcase classname="testNGPackage.Demo" name="method1" time="0.008">
    <system-out>
      <![CDATA[Method1 from Demo class!!!]]>
    </system-out>
  </testcase> <!-- method1 -->
  <testcase classname="testNGPackage.Demo" name="method2" time="0.001">
    <system-out>
      <![CDATA[Method2 from Demo class!!!]]>
    </system-out>
  </testcase> <!-- method2 -->
  <system-out>
    <![CDATA[Method1 from Demo class!!!
Method2 from Demo class!!!
Method1 from Remo class!
Method2 from Remo class!!
Method1 From Sumo Class!
Method2 From Sumo Class!!]]>
  </system-out>
</testsuite> <!-- testNGPackage.Demo -->
