<?xml version="1.0" encoding="UTF-8"?>
<!-- Generated by org.testng.reporters.JUnitReportReporter -->
<testsuite hostname="DESKTOP-K0CQ021" failures="0" tests="1" name="testNGExecutionPackage.SqlTest" time="11.220" errors="0" timestamp="2023-11-28T12:42:40 IST" skipped="0">
  <testcase classname="testNGExecutionPackage.SqlTest" name="sql_method" time="11.220"/>
</testsuite> <!-- testNGExecutionPackage.SqlTest -->
