<?xml version="1.0" encoding="UTF-8"?>
<!-- Generated by org.testng.reporters.JUnitReportReporter -->
<testsuite hostname="DESKTOP-K0CQ021" failures="0" tests="1" name="testNGExecutionPackage.SeleniumTest" time="11.551" errors="0" timestamp="2023-11-29T11:36:57 IST" skipped="0">
  <testcase classname="testNGExecutionPackage.SeleniumTest" name="selenium_method" time="11.551"/>
</testsuite> <!-- testNGExecutionPackage.SeleniumTest -->
