<?xml version="1.0" encoding="UTF-8"?>
<!-- Generated by org.testng.reporters.JUnitReportReporter -->
<testsuite hostname="DESKTOP-K0CQ021" failures="0" tests="1" name="testNGExecutionPackage.Test2" time="0.010" errors="0" timestamp="2023-11-29T12:00:48 IST" skipped="0">
  <testcase classname="testNGExecutionPackage.Test2" name="method2" time="0.010">
    <system-out>
      <![CDATA[method2 from Test2 class!!  5]]>
    </system-out>
  </testcase> <!-- method2 -->
  <system-out>
    <![CDATA[method2 from Test2 class!!  5]]>
  </system-out>
</testsuite> <!-- testNGExecutionPackage.Test2 -->
