<?xml version="1.0" encoding="UTF-8"?>
<!-- Generated by org.testng.reporters.JUnitReportReporter -->
<testsuite hostname="DESKTOP-K0CQ021" failures="0" tests="2" name="testNGAnnotations_Flags.GoogleSearchTest" time="21.408" errors="0" timestamp="2023-12-01T12:24:44 IST" skipped="0">
  <testcase classname="testNGAnnotations_Flags.GoogleSearchTest" name="search_Java" time="10.545"/>
  <testcase classname="testNGAnnotations_Flags.GoogleSearchTest" name="search_Selenium" time="10.863"/>
</testsuite> <!-- testNGAnnotations_Flags.GoogleSearchTest -->
