<?xml version="1.0" encoding="UTF-8"?>
<!-- Generated by org.testng.reporters.JUnitReportReporter -->
<testsuite hostname="DESKTOP-K0CQ021" failures="0" tests="3" name="testNGAnnotations_Flags.Flag2" time="0.007" errors="0" timestamp="2023-12-02T12:08:55 IST" skipped="1">
  <testcase classname="testNGAnnotations_Flags.Flag2" name="method1" time="0.006">
    <system-out>
      <![CDATA[Method1 For Login Page]]>
    </system-out>
  </testcase> <!-- method1 -->
  <testcase classname="testNGAnnotations_Flags.Flag2" name="method2" time="0.001">
    <system-out>
      <![CDATA[Method2 For Users Page ]]>
    </system-out>
  </testcase> <!-- method2 -->
  <testcase classname="testNGAnnotations_Flags.Flag2" name="method3">
    <skipped/>
  </testcase> <!-- method3 -->
  <system-out>
    <![CDATA[Method1 For Login Page
Method2 For Users Page ]]>
  </system-out>
</testsuite> <!-- testNGAnnotations_Flags.Flag2 -->
