<?xml version="1.0" encoding="UTF-8"?>
<!-- Generated by org.testng.reporters.JUnitReportReporter -->
<testsuite hostname="DESKTOP-K0CQ021" failures="0" tests="1" name="testNGExecutionPackage.JavaTest" time="12.407" errors="0" timestamp="2023-11-29T11:36:57 IST" skipped="0">
  <testcase classname="testNGExecutionPackage.JavaTest" name="java_method" time="12.407"/>
</testsuite> <!-- testNGExecutionPackage.JavaTest -->
