<?xml version="1.0" encoding="UTF-8"?>
<!-- Generated by org.testng.reporters.JUnitReportReporter -->
<testsuite hostname="DESKTOP-K0CQ021" failures="0" tests="1" name="testNGAnnotations_Flags.Flag1" time="0.019" errors="0" timestamp="2023-12-02T11:52:53 IST" skipped="0">
  <testcase classname="testNGAnnotations_Flags.Flag1" name="method1" time="0.019">
    <system-out>
      <![CDATA[Method1 from Flag 1]]>
    </system-out>
  </testcase> <!-- method1 -->
  <system-out>
    <![CDATA[Method1 from Flag 1]]>
  </system-out>
</testsuite> <!-- testNGAnnotations_Flags.Flag1 -->
