<?xml version="1.0" encoding="UTF-8"?>
<!-- Generated by org.testng.reporters.JUnitReportReporter -->
<testsuite hostname="DESKTOP-K0CQ021" failures="0" tests="1" name="testNGExecutionPackage.JavaTest" time="13.279" errors="0" timestamp="2023-11-28T12:42:40 IST" skipped="0">
  <testcase classname="testNGExecutionPackage.JavaTest" name="java_method" time="13.279"/>
</testsuite> <!-- testNGExecutionPackage.JavaTest -->
