<?xml version="1.0" encoding="UTF-8"?>
<!-- Generated by org.testng.reporters.JUnitReportReporter -->
<testsuite hostname="DESKTOP-K0CQ021" failures="0" tests="2" name="testNGExecutionPackage.SeleniumTest" time="21.259" errors="0" timestamp="2023-11-30T12:41:19 IST" skipped="0">
  <testcase classname="testNGExecutionPackage.SeleniumTest" name="selenium_method" time="10.623"/>
  <testcase classname="testNGExecutionPackage.SeleniumTest" name="selenium_method" time="10.636"/>
</testsuite> <!-- testNGExecutionPackage.SeleniumTest -->
