<?xml version="1.0" encoding="UTF-8"?>
<!-- Generated by org.testng.reporters.JUnitReportReporter -->
<testsuite hostname="DESKTOP-K0CQ021" failures="0" tests="4" name="testNGAnnotations_Flags.AnnotationsClass" time="0.008" errors="0" timestamp="2023-12-01T11:53:24 IST" skipped="0">
  <testcase classname="testNGAnnotations_Flags.AnnotationsClass" name="test2" time="0.002">
    <system-out>
      <![CDATA[Test2 Annotation]]>
    </system-out>
  </testcase> <!-- test2 -->
  <testcase classname="testNGAnnotations_Flags.AnnotationsClass" name="annotation_Test_Method" time="0.004">
    <system-out>
      <![CDATA[Test Annotation]]>
    </system-out>
  </testcase> <!-- annotation_Test_Method -->
  <testcase classname="testNGAnnotations_Flags.AnnotationsClass" name="test4" time="0.001">
    <system-out>
      <![CDATA[Test4 Annotation]]>
    </system-out>
  </testcase> <!-- test4 -->
  <testcase classname="testNGAnnotations_Flags.AnnotationsClass" name="test3" time="0.001">
    <system-out>
      <![CDATA[Test3 Annotation]]>
    </system-out>
  </testcase> <!-- test3 -->
  <system-out>
    <![CDATA[BeforeSuite Annotation
BeforeTest Annotation
BeforeClass Annotation
Before Method Annotation
Test Annotation
AfterMethod Annotation
Before Method Annotation
Test2 Annotation
AfterMethod Annotation
Before Method Annotation
Test3 Annotation
AfterMethod Annotation
Before Method Annotation
Test4 Annotation
AfterMethod Annotation
AfterClass Annotation
AfterTest Annotation
AfterSuite Annotation]]>
  </system-out>
</testsuite> <!-- testNGAnnotations_Flags.AnnotationsClass -->
