<?xml version="1.0" encoding="UTF-8"?>
<!-- Generated by org.testng.reporters.JUnitReportReporter -->
<testsuite hostname="DESKTOP-K0CQ021" failures="0" tests="3" name="testNGAnnotations_Flags.Flag5" time="0.009" errors="0" timestamp="2023-12-04T11:29:15 IST" skipped="0">
  <testcase classname="testNGAnnotations_Flags.Flag5" name="createUsersMethod" time="0.001">
    <system-out>
      <![CDATA[Method2 For Users Page ]]>
    </system-out>
  </testcase> <!-- createUsersMethod -->
  <testcase classname="testNGAnnotations_Flags.Flag5" name="logoutMethod" time="0.001">
    <system-out>
      <![CDATA[Method3 For Logout Page ]]>
    </system-out>
  </testcase> <!-- logoutMethod -->
  <testcase classname="testNGAnnotations_Flags.Flag5" name="loginMethod" time="0.007">
    <system-out>
      <![CDATA[Method1 For Login Page]]>
    </system-out>
  </testcase> <!-- loginMethod -->
  <system-out>
    <![CDATA[Method1 For Login Page
Method2 For Users Page 
Method3 For Logout Page ]]>
  </system-out>
</testsuite> <!-- testNGAnnotations_Flags.Flag5 -->
